Arguments: 
  /Users/dingcong/.nvm/versions/node/v16.14.2/bin/node /usr/local/Cellar/yarn/1.22.11/libexec/bin/yarn.js

PATH: 
  /Users/dingcong/.nvm/versions/node/v16.14.2/bin:/Users/dingcong/.nvm/versions/node/v12.18.0/bin:/usr/local/bin:/usr/bin:/bin:/usr/sbin:/sbin:/Library/Apple/usr/bin:/Users/dingcong/.nvm/versions/node/v16.14.2/bin:/usr/local/sbin:/Users/dingcong/.cargo/bin

Yarn version: 
  1.22.11

Node version: 
  16.14.2

Platform: 
  darwin x64

Trace: 
  Error: https://github.com/zmitton/merkle-patricia-tree: ETIMEDOUT
      at Timeout._onTimeout (/usr/local/Cellar/yarn/1.22.11/libexec/lib/cli.js:141423:19)
      at listOnTimeout (node:internal/timers:559:17)
      at processTimers (node:internal/timers:502:7)

npm manifest: 
  {
    "name": "zkbridge-contract-audit",
    "version": "1.0.0",
    "description": "",
    "main": "index.js",
    "scripts": {
      "compile": "cross-env TS_NODE_TRANSPILE_ONLY=true hardhat compile",
      "clean": "rm -rf ./artifacts ./cache ./coverage ./build ./coverage.json",
      "node": "ganache-cli --hardfork istanbul --mnemonic 'prepare maze cattle solution middle execute brief census image enhance minor pottery' --gasLimit 8000000 --gasPrice 0 --port 8545 --networkId 53228",
      "test": "hardhat test --network local"
    },
    "author": "",
    "license": "ISC",
    "devDependencies": {
      "@matterlabs/hardhat-zksync-deploy": "^0.6.3",
      "@matterlabs/hardhat-zksync-solc": "^0.3.17",
      "@matterlabs/hardhat-zksync-verify": "^0.1.7",
      "@nomiclabs/hardhat-ethers": "^2.0.6",
      "@nomiclabs/hardhat-etherscan": "^3.1.0",
      "@nomiclabs/hardhat-waffle": "^2.0.3",
      "@nomiclabs/hardhat-web3": "^2.0.0",
      "@truffle/hdwallet-provider": "^1.7.0",
      "@typechain/ethers-v5": "^10.0.0",
      "@typechain/hardhat": "^6.0.0",
      "@types/mocha": "^9.1.1",
      "@types/node": "^17.0.41",
      "chai": "^4.3.6",
      "cross-env": "^7.0.3",
      "eth-proof": "^2.1.4",
      "ethereum-waffle": "^3.4.4",
      "ethers": "^5.6.8",
      "hardhat": "^2.9.7",
      "ts-generator": "^0.1.1",
      "ts-node": "^10.8.1",
      "typechain": "^8.0.0",
      "typescript": "^4.7.3",
      "web3": "^1.7.3",
      "zksync-web3": "^0.14.3"
    },
    "dependencies": {
      "@openzeppelin/contracts": "^4.8.3",
      "@openzeppelin/contracts-upgradeable": "^4.8.3",
      "dotenv": "^16.0.3"
    }
  }

yarn manifest: 
  No manifest

Lockfile: 
  No lockfile
